<?xml version="1.0" encoding="UTF-8"?>
<!-- Generated by org.testng.reporters.JUnitReportReporter -->
<testsuite hostname="Al-Amin" failures="0" tests="1" name="testcases.TestScript" time="56.119" errors="0" timestamp="2024-02-10T14:43:11 BDT" skipped="0">
  <testcase classname="testcases.TestScript" name="Product_Purchase_E2E_Test" time="56.119"/>
</testsuite> <!-- testcases.TestScript -->
