<?xml version="1.0" encoding="UTF-8"?>
<!-- Generated by org.testng.reporters.JUnitReportReporter -->
<testsuite hostname="Al-Amin" failures="0" tests="1" name="testcases.TestScript" time="53.035" errors="0" timestamp="2024-02-14T20:49:28 BDT" skipped="0">
  <testcase classname="testcases.TestScript" name="Product_Purchase_E2E_Test" time="53.035"/>
</testsuite> <!-- testcases.TestScript -->
